# JRE version: OpenJDK Runtime Environment Temurin-21.0.10+7 (21.0.10+7) (build 21.0.10+7-LTS)
# Java VM: OpenJDK 64-Bit Server VM Temurin-21.0.10+7 (21.0.10+7-LTS, mixed mode, sharing, tiered, compressed oops, compressed class ptrs, parallel gc, windows-amd64)
GC Precious Log:
 CardTable entry size: 512
 CPUs: 12 total, 12 available
 Memory: 8016M
 Large Page Support: Disabled
 NUMA Support: Disabled
 Compressed Oops: Enabled (32-bit)
 Alignments: Space 512K, Generation 512K, Heap 2M
 Heap Min Capacity: 100M
 Heap Initial Capacity: 100M
 Heap Max Capacity: 2G
 Pre-touch: Disabled
 Parallel Workers: 10
Heap:
 PSYoungGen      total 17920K, used 16696K [0x00000000d5580000, 0x00000000d6900000, 0x0000000100000000)
  eden space 16384K, 97% used [0x00000000d5580000,0x00000000d6529b30,0x00000000d6580000)
  from space 1536K, 42% used [0x00000000d6600000,0x00000000d66a45e8,0x00000000d6780000)
  to   space 1024K, 0% used [0x00000000d6800000,0x00000000d6800000,0x00000000d6900000)
 ParOldGen       total 1328640K, used 923641K [0x0000000080000000, 0x00000000d1180000, 0x00000000d5580000)
  object space 1328640K, 69% used [0x0000000080000000,0x00000000b85fe4f8,0x00000000d1180000)
 Metaspace       used 86886K, committed 88576K, reserved 1179648K
  class space    used 9175K, committed 9920K, reserved 1048576K
GC Heap History (20 events):
Event: 215.019 GC heap before
{Heap before GC invocations=1454 (full 4):
 PSYoungGen      total 18944K, used 18928K [0x00000000d5580000, 0x00000000d6b00000, 0x0000000100000000)
  eden space 17920K, 100% used [0x00000000d5580000,0x00000000d6700000,0x00000000d6700000)
  from space 1024K, 98% used [0x00000000d6700000,0x00000000d67fc010,0x00000000d6800000)
  to   space 2048K, 0% used [0x00000000d6900000,0x00000000d6900000,0x00000000d6b00000)
 ParOldGen       total 1328640K, used 920340K [0x0000000080000000, 0x00000000d1180000, 0x00000000d5580000)
  object space 1328640K, 69% used [0x0000000080000000,0x00000000b82c5248,0x00000000d1180000)
 Metaspace       used 83285K, committed 84992K, reserved 1179648K
  class space    used 8676K, committed 9472K, reserved 1048576K
}
Event: 215.023 GC heap after
{Heap after GC invocations=1454 (full 4):
 PSYoungGen      total 18944K, used 656K [0x00000000d5580000, 0x00000000d6a00000, 0x0000000100000000)
  eden space 17920K, 0% used [0x00000000d5580000,0x00000000d5580000,0x00000000d6700000)
  from space 1024K, 64% used [0x00000000d6900000,0x00000000d69a4010,0x00000000d6a00000)
  to   space 1024K, 0% used [0x00000000d6700000,0x00000000d6700000,0x00000000d6800000)
 ParOldGen       total 1328640K, used 921164K [0x0000000080000000, 0x00000000d1180000, 0x00000000d5580000)
  object space 1328640K, 69% used [0x0000000080000000,0x00000000b8393190,0x00000000d1180000)
 Metaspace       used 83285K, committed 84992K, reserved 1179648K
  class space    used 8676K, committed 9472K, reserved 1048576K
}
Event: 215.999 GC heap before
{Heap before GC invocations=1455 (full 4):
 PSYoungGen      total 18944K, used 18576K [0x00000000d5580000, 0x00000000d6a00000, 0x0000000100000000)
  eden space 17920K, 100% used [0x00000000d5580000,0x00000000d6700000,0x00000000d6700000)
  from space 1024K, 64% used [0x00000000d6900000,0x00000000d69a4010,0x00000000d6a00000)
  to   space 1024K, 0% used [0x00000000d6700000,0x00000000d6700000,0x00000000d6800000)
 ParOldGen       total 1328640K, used 921164K [0x0000000080000000, 0x00000000d1180000, 0x00000000d5580000)
  object space 1328640K, 69% used [0x0000000080000000,0x00000000b8393190,0x00000000d1180000)
 Metaspace       used 83286K, committed 84992K, reserved 1179648K
  class space    used 8676K, committed 9472K, reserved 1048576K
}
Event: 216.000 GC heap after
{Heap after GC invocations=1455 (full 4):
 PSYoungGen      total 18944K, used 320K [0x00000000d5580000, 0x00000000d6980000, 0x0000000100000000)
  eden space 17920K, 0% used [0x00000000d5580000,0x00000000d5580000,0x00000000d6700000)
  from space 1024K, 31% used [0x00000000d6700000,0x00000000d6750000,0x00000000d6800000)
  to   space 512K, 0% used [0x00000000d6900000,0x00000000d6900000,0x00000000d6980000)
 ParOldGen       total 1328640K, used 921176K [0x0000000080000000, 0x00000000d1180000, 0x00000000d5580000)
  object space 1328640K, 69% used [0x0000000080000000,0x00000000b83961a0,0x00000000d1180000)
 Metaspace       used 83286K, committed 84992K, reserved 1179648K
  class space    used 8676K, committed 9472K, reserved 1048576K
}
Event: 216.818 GC heap before
{Heap before GC invocations=1456 (full 4):
 PSYoungGen      total 18944K, used 18240K [0x00000000d5580000, 0x00000000d6980000, 0x0000000100000000)
  eden space 17920K, 100% used [0x00000000d5580000,0x00000000d6700000,0x00000000d6700000)
  from space 1024K, 31% used [0x00000000d6700000,0x00000000d6750000,0x00000000d6800000)
  to   space 512K, 0% used [0x00000000d6900000,0x00000000d6900000,0x00000000d6980000)
 ParOldGen       total 1328640K, used 921176K [0x0000000080000000, 0x00000000d1180000, 0x00000000d5580000)
  object space 1328640K, 69% used [0x0000000080000000,0x00000000b83961a0,0x00000000d1180000)
 Metaspace       used 83309K, committed 84992K, reserved 1179648K
  class space    used 8677K, committed 9472K, reserved 1048576K
}
Event: 216.820 GC heap after
{Heap after GC invocations=1456 (full 4):
 PSYoungGen      total 18432K, used 416K [0x00000000d5580000, 0x00000000d6980000, 0x0000000100000000)
  eden space 17920K, 0% used [0x00000000d5580000,0x00000000d5580000,0x00000000d6700000)
  from space 512K, 81% used [0x00000000d6900000,0x00000000d6968000,0x00000000d6980000)
  to   space 512K, 0% used [0x00000000d6880000,0x00000000d6880000,0x00000000d6900000)
 ParOldGen       total 1328640K, used 921216K [0x0000000080000000, 0x00000000d1180000, 0x00000000d5580000)
  object space 1328640K, 69% used [0x0000000080000000,0x00000000b83a01a0,0x00000000d1180000)
 Metaspace       used 83309K, committed 84992K, reserved 1179648K
  class space    used 8677K, committed 9472K, reserved 1048576K
}
Event: 217.452 GC heap before
{Heap before GC invocations=1457 (full 4):
 PSYoungGen      total 18432K, used 18336K [0x00000000d5580000, 0x00000000d6980000, 0x0000000100000000)
  eden space 17920K, 100% used [0x00000000d5580000,0x00000000d6700000,0x00000000d6700000)
  from space 512K, 81% used [0x00000000d6900000,0x00000000d6968000,0x00000000d6980000)
  to   space 512K, 0% used [0x00000000d6880000,0x00000000d6880000,0x00000000d6900000)
 ParOldGen       total 1328640K, used 921216K [0x0000000080000000, 0x00000000d1180000, 0x00000000d5580000)
  object space 1328640K, 69% used [0x0000000080000000,0x00000000b83a01a0,0x00000000d1180000)
 Metaspace       used 83311K, committed 84992K, reserved 1179648K
  class space    used 8677K, committed 9472K, reserved 1048576K
}
Event: 217.453 GC heap after
{Heap after GC invocations=1457 (full 4):
 PSYoungGen      total 18432K, used 288K [0x00000000d5580000, 0x00000000d6980000, 0x0000000100000000)
  eden space 17920K, 0% used [0x00000000d5580000,0x00000000d5580000,0x00000000d6700000)
  from space 512K, 56% used [0x00000000d6880000,0x00000000d68c8000,0x00000000d6900000)
  to   space 512K, 0% used [0x00000000d6900000,0x00000000d6900000,0x00000000d6980000)
 ParOldGen       total 1328640K, used 921264K [0x0000000080000000, 0x00000000d1180000, 0x00000000d5580000)
  object space 1328640K, 69% used [0x0000000080000000,0x00000000b83ac1a0,0x00000000d1180000)
 Metaspace       used 83311K, committed 84992K, reserved 1179648K
  class space    used 8677K, committed 9472K, reserved 1048576K
}
Event: 218.265 GC heap before
{Heap before GC invocations=1458 (full 4):
 PSYoungGen      total 18432K, used 18208K [0x00000000d5580000, 0x00000000d6980000, 0x0000000100000000)
  eden space 17920K, 100% used [0x00000000d5580000,0x00000000d6700000,0x00000000d6700000)
  from space 512K, 56% used [0x00000000d6880000,0x00000000d68c8000,0x00000000d6900000)
  to   space 512K, 0% used [0x00000000d6900000,0x00000000d6900000,0x00000000d6980000)
 ParOldGen       total 1328640K, used 921264K [0x0000000080000000, 0x00000000d1180000, 0x00000000d5580000)
  object space 1328640K, 69% used [0x0000000080000000,0x00000000b83ac1a0,0x00000000d1180000)
 Metaspace       used 83315K, committed 84992K, reserved 1179648K
  class space    used 8677K, committed 9472K, reserved 1048576K
}
Event: 218.266 GC heap after
{Heap after GC invocations=1458 (full 4):
 PSYoungGen      total 18432K, used 512K [0x00000000d5580000, 0x00000000d6980000, 0x0000000100000000)
  eden space 17920K, 0% used [0x00000000d5580000,0x00000000d5580000,0x00000000d6700000)
  from space 512K, 100% used [0x00000000d6900000,0x00000000d6980000,0x00000000d6980000)
  to   space 1024K, 0% used [0x00000000d6780000,0x00000000d6780000,0x00000000d6880000)
 ParOldGen       total 1328640K, used 921280K [0x0000000080000000, 0x00000000d1180000, 0x00000000d5580000)
  object space 1328640K, 69% used [0x0000000080000000,0x00000000b83b01a0,0x00000000d1180000)
 Metaspace       used 83315K, committed 84992K, reserved 1179648K
  class space    used 8677K, committed 9472K, reserved 1048576K
}
Event: 219.993 GC heap before
{Heap before GC invocations=1459 (full 4):
 PSYoungGen      total 18432K, used 18432K [0x00000000d5580000, 0x00000000d6980000, 0x0000000100000000)
  eden space 17920K, 100% used [0x00000000d5580000,0x00000000d6700000,0x00000000d6700000)
  from space 512K, 100% used [0x00000000d6900000,0x00000000d6980000,0x00000000d6980000)
  to   space 1024K, 0% used [0x00000000d6780000,0x00000000d6780000,0x00000000d6880000)
 ParOldGen       total 1328640K, used 921280K [0x0000000080000000, 0x00000000d1180000, 0x00000000d5580000)
  object space 1328640K, 69% used [0x0000000080000000,0x00000000b83b01a0,0x00000000d1180000)
 Metaspace       used 83315K, committed 84992K, reserved 1179648K
  class space    used 8677K, committed 9472K, reserved 1048576K
}
Event: 219.994 GC heap after
{Heap after GC invocations=1459 (full 4):
 PSYoungGen      total 18944K, used 736K [0x00000000d5580000, 0x00000000d6980000, 0x0000000100000000)
  eden space 17920K, 0% used [0x00000000d5580000,0x00000000d5580000,0x00000000d6700000)
  from space 1024K, 71% used [0x00000000d6780000,0x00000000d6838000,0x00000000d6880000)
  to   space 1024K, 0% used [0x00000000d6880000,0x00000000d6880000,0x00000000d6980000)
 ParOldGen       total 1328640K, used 921288K [0x0000000080000000, 0x00000000d1180000, 0x00000000d5580000)
  object space 1328640K, 69% used [0x0000000080000000,0x00000000b83b21a0,0x00000000d1180000)
 Metaspace       used 83315K, committed 84992K, reserved 1179648K
  class space    used 8677K, committed 9472K, reserved 1048576K
}
Event: 221.818 GC heap before
{Heap before GC invocations=1460 (full 4):
 PSYoungGen      total 18944K, used 18656K [0x00000000d5580000, 0x00000000d6980000, 0x0000000100000000)
  eden space 17920K, 100% used [0x00000000d5580000,0x00000000d6700000,0x00000000d6700000)
  from space 1024K, 71% used [0x00000000d6780000,0x00000000d6838000,0x00000000d6880000)
  to   space 1024K, 0% used [0x00000000d6880000,0x00000000d6880000,0x00000000d6980000)
 ParOldGen       total 1328640K, used 921288K [0x0000000080000000, 0x00000000d1180000, 0x00000000d5580000)
  object space 1328640K, 69% used [0x0000000080000000,0x00000000b83b21a0,0x00000000d1180000)
 Metaspace       used 83489K, committed 85184K, reserved 1179648K
  class space    used 8706K, committed 9472K, reserved 1048576K
}
Event: 221.826 GC heap after
{Heap after GC invocations=1460 (full 4):
 PSYoungGen      total 17408K, used 1010K [0x00000000d5580000, 0x00000000d6d00000, 0x0000000100000000)
  eden space 16384K, 0% used [0x00000000d5580000,0x00000000d5580000,0x00000000d6580000)
  from space 1024K, 98% used [0x00000000d6880000,0x00000000d697ca18,0x00000000d6980000)
  to   space 3072K, 0% used [0x00000000d6580000,0x00000000d6580000,0x00000000d6880000)
 ParOldGen       total 1328640K, used 922828K [0x0000000080000000, 0x00000000d1180000, 0x00000000d5580000)
  object space 1328640K, 69% used [0x0000000080000000,0x00000000b8533048,0x00000000d1180000)
 Metaspace       used 83489K, committed 85184K, reserved 1179648K
  class space    used 8706K, committed 9472K, reserved 1048576K
}
Event: 223.095 GC heap before
{Heap before GC invocations=1461 (full 4):
 PSYoungGen      total 17408K, used 17394K [0x00000000d5580000, 0x00000000d6d00000, 0x0000000100000000)
  eden space 16384K, 100% used [0x00000000d5580000,0x00000000d6580000,0x00000000d6580000)
  from space 1024K, 98% used [0x00000000d6880000,0x00000000d697ca18,0x00000000d6980000)
  to   space 3072K, 0% used [0x00000000d6580000,0x00000000d6580000,0x00000000d6880000)
 ParOldGen       total 1328640K, used 922828K [0x0000000080000000, 0x00000000d1180000, 0x00000000d5580000)
  object space 1328640K, 69% used [0x0000000080000000,0x00000000b8533048,0x00000000d1180000)
 Metaspace       used 83681K, committed 85376K, reserved 1179648K
  class space    used 8728K, committed 9472K, reserved 1048576K
}
Event: 223.100 GC heap after
{Heap after GC invocations=1461 (full 4):
 PSYoungGen      total 19456K, used 2878K [0x00000000d5580000, 0x00000000d6b80000, 0x0000000100000000)
  eden space 16384K, 0% used [0x00000000d5580000,0x00000000d5580000,0x00000000d6580000)
  from space 3072K, 93% used [0x00000000d6580000,0x00000000d684fbc0,0x00000000d6880000)
  to   space 3072K, 0% used [0x00000000d6880000,0x00000000d6880000,0x00000000d6b80000)
 ParOldGen       total 1328640K, used 922980K [0x0000000080000000, 0x00000000d1180000, 0x00000000d5580000)
  object space 1328640K, 69% used [0x0000000080000000,0x00000000b8559048,0x00000000d1180000)
 Metaspace       used 83681K, committed 85376K, reserved 1179648K
  class space    used 8728K, committed 9472K, reserved 1048576K
}
Event: 225.105 GC heap before
{Heap before GC invocations=1462 (full 4):
 PSYoungGen      total 19456K, used 19262K [0x00000000d5580000, 0x00000000d6b80000, 0x0000000100000000)
  eden space 16384K, 100% used [0x00000000d5580000,0x00000000d6580000,0x00000000d6580000)
  from space 3072K, 93% used [0x00000000d6580000,0x00000000d684fbc0,0x00000000d6880000)
  to   space 3072K, 0% used [0x00000000d6880000,0x00000000d6880000,0x00000000d6b80000)
 ParOldGen       total 1328640K, used 922980K [0x0000000080000000, 0x00000000d1180000, 0x00000000d5580000)
  object space 1328640K, 69% used [0x0000000080000000,0x00000000b8559048,0x00000000d1180000)
 Metaspace       used 83711K, committed 85376K, reserved 1179648K
  class space    used 8735K, committed 9472K, reserved 1048576K
}
Event: 225.108 GC heap after
{Heap after GC invocations=1462 (full 4):
 PSYoungGen      total 16896K, used 288K [0x00000000d5580000, 0x00000000d6900000, 0x0000000100000000)
  eden space 16384K, 0% used [0x00000000d5580000,0x00000000d5580000,0x00000000d6580000)
  from space 512K, 56% used [0x00000000d6880000,0x00000000d68c8000,0x00000000d6900000)
  to   space 1536K, 0% used [0x00000000d6600000,0x00000000d6600000,0x00000000d6780000)
 ParOldGen       total 1328640K, used 923577K [0x0000000080000000, 0x00000000d1180000, 0x00000000d5580000)
  object space 1328640K, 69% used [0x0000000080000000,0x00000000b85ee4f8,0x00000000d1180000)
 Metaspace       used 83711K, committed 85376K, reserved 1179648K
  class space    used 8735K, committed 9472K, reserved 1048576K
}
Event: 225.448 GC heap before
{Heap before GC invocations=1463 (full 4):
 PSYoungGen      total 16896K, used 16672K [0x00000000d5580000, 0x00000000d6900000, 0x0000000100000000)
  eden space 16384K, 100% used [0x00000000d5580000,0x00000000d6580000,0x00000000d6580000)
  from space 512K, 56% used [0x00000000d6880000,0x00000000d68c8000,0x00000000d6900000)
  to   space 1536K, 0% used [0x00000000d6600000,0x00000000d6600000,0x00000000d6780000)
 ParOldGen       total 1328640K, used 923577K [0x0000000080000000, 0x00000000d1180000, 0x00000000d5580000)
  object space 1328640K, 69% used [0x0000000080000000,0x00000000b85ee4f8,0x00000000d1180000)
 Metaspace       used 85635K, committed 87296K, reserved 1179648K
  class space    used 8990K, committed 9728K, reserved 1048576K
}
Event: 225.451 GC heap after
{Heap after GC invocations=1463 (full 4):
 PSYoungGen      total 17920K, used 657K [0x00000000d5580000, 0x00000000d6900000, 0x0000000100000000)
  eden space 16384K, 0% used [0x00000000d5580000,0x00000000d5580000,0x00000000d6580000)
  from space 1536K, 42% used [0x00000000d6600000,0x00000000d66a45e8,0x00000000d6780000)
  to   space 1024K, 0% used [0x00000000d6800000,0x00000000d6800000,0x00000000d6900000)
 ParOldGen       total 1328640K, used 923641K [0x0000000080000000, 0x00000000d1180000, 0x00000000d5580000)
  object space 1328640K, 69% used [0x0000000080000000,0x00000000b85fe4f8,0x00000000d1180000)
 Metaspace       used 85635K, committed 87296K, reserved 1179648K
  class space    used 8990K, committed 9728K, reserved 1048576K
}

